Analysis & Synthesis report for instantiation
Thu Oct 27 17:19:30 2016
Quartus II 64-Bit Version 13.0.1 Build 232 06/12/2013 Service Pack 1 SJ Web Edition


---------------------
; Table of Contents ;
---------------------
  1. Legal Notice
  2. Analysis & Synthesis Summary
  3. Analysis & Synthesis Settings
  4. Parallel Compilation
  5. Analysis & Synthesis Source Files Read
  6. Analysis & Synthesis Resource Usage Summary
  7. Analysis & Synthesis Resource Utilization by Entity
  8. Analysis & Synthesis RAM Summary
  9. Analysis & Synthesis IP Cores Summary
 10. General Register Statistics
 11. Source assignments for cortana:mem|altsyncram:altsyncram_component|altsyncram_50d1:auto_generated
 12. Parameter Settings for User Entity Instance: cortana:mem|altsyncram:altsyncram_component
 13. Parameter Settings for Inferred Entity Instance: counterTime:timeT|lpm_divide:Mod0
 14. Parameter Settings for Inferred Entity Instance: counter4b:counts|lpm_divide:Mod0
 15. altsyncram Parameter Settings by Entity Instance
 16. Port Connectivity Checks: "seg:dec3"
 17. Port Connectivity Checks: "seg:dec2"
 18. Port Connectivity Checks: "seg:dec1"
 19. Port Connectivity Checks: "seg:dec0"
 20. Port Connectivity Checks: "cortana:mem"
 21. Elapsed Time Per Partition
 22. Analysis & Synthesis Messages



----------------
; Legal Notice ;
----------------
Copyright (C) 1991-2013 Altera Corporation
Your use of Altera Corporation's design tools, logic functions 
and other software and tools, and its AMPP partner logic 
functions, and any output files from any of the foregoing 
(including device programming or simulation files), and any 
associated documentation or information are expressly subject 
to the terms and conditions of the Altera Program License 
Subscription Agreement, Altera MegaCore Function License 
Agreement, or other applicable license agreement, including, 
without limitation, that your use is for the sole purpose of 
programming logic devices manufactured by Altera and sold by 
Altera or its authorized distributors.  Please refer to the 
applicable agreement for further details.



+--------------------------------------------------------------------------------------+
; Analysis & Synthesis Summary                                                         ;
+------------------------------------+-------------------------------------------------+
; Analysis & Synthesis Status        ; Successful - Thu Oct 27 17:19:29 2016           ;
; Quartus II 64-Bit Version          ; 13.0.1 Build 232 06/12/2013 SP 1 SJ Web Edition ;
; Revision Name                      ; instantiation                                   ;
; Top-level Entity Name              ; box                                             ;
; Family                             ; Cyclone II                                      ;
; Total logic elements               ; 2,219                                           ;
;     Total combinational functions  ; 2,219                                           ;
;     Dedicated logic registers      ; 63                                              ;
; Total registers                    ; 63                                              ;
; Total pins                         ; 37                                              ;
; Total virtual pins                 ; 0                                               ;
; Total memory bits                  ; 160                                             ;
; Embedded Multiplier 9-bit elements ; 0                                               ;
; Total PLLs                         ; 0                                               ;
+------------------------------------+-------------------------------------------------+


+----------------------------------------------------------------------------------------------------------------------+
; Analysis & Synthesis Settings                                                                                        ;
+----------------------------------------------------------------------------+--------------------+--------------------+
; Option                                                                     ; Setting            ; Default Value      ;
+----------------------------------------------------------------------------+--------------------+--------------------+
; Device                                                                     ; EP2C70F896C6       ;                    ;
; Top-level entity name                                                      ; box                ; instantiation      ;
; Family name                                                                ; Cyclone II         ; Cyclone IV GX      ;
; Use smart compilation                                                      ; Off                ; Off                ;
; Enable parallel Assembler and TimeQuest Timing Analyzer during compilation ; On                 ; On                 ;
; Enable compact report table                                                ; Off                ; Off                ;
; Restructure Multiplexers                                                   ; Auto               ; Auto               ;
; Create Debugging Nodes for IP Cores                                        ; Off                ; Off                ;
; Preserve fewer node names                                                  ; On                 ; On                 ;
; Disable OpenCore Plus hardware evaluation                                  ; Off                ; Off                ;
; Verilog Version                                                            ; Verilog_2001       ; Verilog_2001       ;
; VHDL Version                                                               ; VHDL_1993          ; VHDL_1993          ;
; State Machine Processing                                                   ; Auto               ; Auto               ;
; Safe State Machine                                                         ; Off                ; Off                ;
; Extract Verilog State Machines                                             ; On                 ; On                 ;
; Extract VHDL State Machines                                                ; On                 ; On                 ;
; Ignore Verilog initial constructs                                          ; Off                ; Off                ;
; Iteration limit for constant Verilog loops                                 ; 5000               ; 5000               ;
; Iteration limit for non-constant Verilog loops                             ; 250                ; 250                ;
; Add Pass-Through Logic to Inferred RAMs                                    ; On                 ; On                 ;
; Infer RAMs from Raw Logic                                                  ; On                 ; On                 ;
; Parallel Synthesis                                                         ; On                 ; On                 ;
; DSP Block Balancing                                                        ; Auto               ; Auto               ;
; NOT Gate Push-Back                                                         ; On                 ; On                 ;
; Power-Up Don't Care                                                        ; On                 ; On                 ;
; Remove Redundant Logic Cells                                               ; Off                ; Off                ;
; Remove Duplicate Registers                                                 ; On                 ; On                 ;
; Ignore CARRY Buffers                                                       ; Off                ; Off                ;
; Ignore CASCADE Buffers                                                     ; Off                ; Off                ;
; Ignore GLOBAL Buffers                                                      ; Off                ; Off                ;
; Ignore ROW GLOBAL Buffers                                                  ; Off                ; Off                ;
; Ignore LCELL Buffers                                                       ; Off                ; Off                ;
; Ignore SOFT Buffers                                                        ; On                 ; On                 ;
; Limit AHDL Integers to 32 Bits                                             ; Off                ; Off                ;
; Optimization Technique                                                     ; Balanced           ; Balanced           ;
; Carry Chain Length                                                         ; 70                 ; 70                 ;
; Auto Carry Chains                                                          ; On                 ; On                 ;
; Auto Open-Drain Pins                                                       ; On                 ; On                 ;
; Perform WYSIWYG Primitive Resynthesis                                      ; Off                ; Off                ;
; Auto ROM Replacement                                                       ; On                 ; On                 ;
; Auto RAM Replacement                                                       ; On                 ; On                 ;
; Auto Shift Register Replacement                                            ; Auto               ; Auto               ;
; Allow Shift Register Merging across Hierarchies                            ; Auto               ; Auto               ;
; Auto Clock Enable Replacement                                              ; On                 ; On                 ;
; Strict RAM Replacement                                                     ; Off                ; Off                ;
; Allow Synchronous Control Signals                                          ; On                 ; On                 ;
; Force Use of Synchronous Clear Signals                                     ; Off                ; Off                ;
; Auto RAM to Logic Cell Conversion                                          ; Off                ; Off                ;
; Auto Resource Sharing                                                      ; Off                ; Off                ;
; Allow Any RAM Size For Recognition                                         ; Off                ; Off                ;
; Allow Any ROM Size For Recognition                                         ; Off                ; Off                ;
; Allow Any Shift Register Size For Recognition                              ; Off                ; Off                ;
; Use LogicLock Constraints during Resource Balancing                        ; On                 ; On                 ;
; Ignore translate_off and synthesis_off directives                          ; Off                ; Off                ;
; Timing-Driven Synthesis                                                    ; Off                ; Off                ;
; Report Parameter Settings                                                  ; On                 ; On                 ;
; Report Source Assignments                                                  ; On                 ; On                 ;
; Report Connectivity Checks                                                 ; On                 ; On                 ;
; Ignore Maximum Fan-Out Assignments                                         ; Off                ; Off                ;
; Synchronization Register Chain Length                                      ; 2                  ; 2                  ;
; PowerPlay Power Optimization                                               ; Normal compilation ; Normal compilation ;
; HDL message level                                                          ; Level2             ; Level2             ;
; Suppress Register Optimization Related Messages                            ; Off                ; Off                ;
; Number of Removed Registers Reported in Synthesis Report                   ; 5000               ; 5000               ;
; Number of Swept Nodes Reported in Synthesis Report                         ; 5000               ; 5000               ;
; Number of Inverted Registers Reported in Synthesis Report                  ; 100                ; 100                ;
; Clock MUX Protection                                                       ; On                 ; On                 ;
; Auto Gated Clock Conversion                                                ; Off                ; Off                ;
; Block Design Naming                                                        ; Auto               ; Auto               ;
; SDC constraint protection                                                  ; Off                ; Off                ;
; Synthesis Effort                                                           ; Auto               ; Auto               ;
; Shift Register Replacement - Allow Asynchronous Clear Signal               ; On                 ; On                 ;
; Pre-Mapping Resynthesis Optimization                                       ; Off                ; Off                ;
; Analysis & Synthesis Message Level                                         ; Medium             ; Medium             ;
; Disable Register Merging Across Hierarchies                                ; Auto               ; Auto               ;
; Resource Aware Inference For Block RAM                                     ; On                 ; On                 ;
; Synthesis Seed                                                             ; 1                  ; 1                  ;
+----------------------------------------------------------------------------+--------------------+--------------------+


Parallel compilation was disabled, but you have multiple processors available. Enable parallel compilation to reduce compilation time.
+-------------------------------------+
; Parallel Compilation                ;
+----------------------------+--------+
; Processors                 ; Number ;
+----------------------------+--------+
; Number detected on machine ; 8      ;
; Maximum allowed            ; 1      ;
+----------------------------+--------+


+---------------------------------------------------------------------------------------------------------------------------------------------------------------------------------+
; Analysis & Synthesis Source Files Read                                                                                                                                          ;
+----------------------------------+-----------------+----------------------------------------+-------------------------------------------------------------------------+---------+
; File Name with User-Entered Path ; Used in Netlist ; File Type                              ; File Name with Absolute Path                                            ; Library ;
+----------------------------------+-----------------+----------------------------------------+-------------------------------------------------------------------------+---------+
; box.vhd                          ; yes             ; User VHDL File                         ; Z:/vhdl/box.vhd                                                         ;         ;
; counter4b.vhd                    ; yes             ; User VHDL File                         ; Z:/vhdl/counter4b.vhd                                                   ;         ;
; counterTime.vhd                  ; yes             ; User VHDL File                         ; Z:/vhdl/counterTime.vhd                                                 ;         ;
; cortana.vhd                      ; yes             ; Auto-Found Wizard-Generated File       ; Z:/vhdl/cortana.vhd                                                     ;         ;
; altsyncram.tdf                   ; yes             ; Megafunction                           ; c:/altera/13.0sp1/quartus/libraries/megafunctions/altsyncram.tdf        ;         ;
; stratix_ram_block.inc            ; yes             ; Megafunction                           ; c:/altera/13.0sp1/quartus/libraries/megafunctions/stratix_ram_block.inc ;         ;
; lpm_mux.inc                      ; yes             ; Megafunction                           ; c:/altera/13.0sp1/quartus/libraries/megafunctions/lpm_mux.inc           ;         ;
; lpm_decode.inc                   ; yes             ; Megafunction                           ; c:/altera/13.0sp1/quartus/libraries/megafunctions/lpm_decode.inc        ;         ;
; aglobal130.inc                   ; yes             ; Megafunction                           ; c:/altera/13.0sp1/quartus/libraries/megafunctions/aglobal130.inc        ;         ;
; a_rdenreg.inc                    ; yes             ; Megafunction                           ; c:/altera/13.0sp1/quartus/libraries/megafunctions/a_rdenreg.inc         ;         ;
; altrom.inc                       ; yes             ; Megafunction                           ; c:/altera/13.0sp1/quartus/libraries/megafunctions/altrom.inc            ;         ;
; altram.inc                       ; yes             ; Megafunction                           ; c:/altera/13.0sp1/quartus/libraries/megafunctions/altram.inc            ;         ;
; altdpram.inc                     ; yes             ; Megafunction                           ; c:/altera/13.0sp1/quartus/libraries/megafunctions/altdpram.inc          ;         ;
; db/altsyncram_50d1.tdf           ; yes             ; Auto-Generated Megafunction            ; Z:/vhdl/db/altsyncram_50d1.tdf                                          ;         ;
; cortana.mif                      ; yes             ; Auto-Found Memory Initialization File  ; Z:/vhdl/cortana.mif                                                     ;         ;
; seg.vhd                          ; yes             ; Auto-Found VHDL File                   ; Z:/vhdl/seg.vhd                                                         ;         ;
; lpm_divide.tdf                   ; yes             ; Megafunction                           ; c:/altera/13.0sp1/quartus/libraries/megafunctions/lpm_divide.tdf        ;         ;
; abs_divider.inc                  ; yes             ; Megafunction                           ; c:/altera/13.0sp1/quartus/libraries/megafunctions/abs_divider.inc       ;         ;
; sign_div_unsign.inc              ; yes             ; Megafunction                           ; c:/altera/13.0sp1/quartus/libraries/megafunctions/sign_div_unsign.inc   ;         ;
; db/lpm_divide_28m.tdf            ; yes             ; Auto-Generated Megafunction            ; Z:/vhdl/db/lpm_divide_28m.tdf                                           ;         ;
; db/sign_div_unsign_9nh.tdf       ; yes             ; Auto-Generated Megafunction            ; Z:/vhdl/db/sign_div_unsign_9nh.tdf                                      ;         ;
; db/alt_u_div_k5f.tdf             ; yes             ; Auto-Generated Megafunction            ; Z:/vhdl/db/alt_u_div_k5f.tdf                                            ;         ;
; db/add_sub_lkc.tdf               ; yes             ; Auto-Generated Megafunction            ; Z:/vhdl/db/add_sub_lkc.tdf                                              ;         ;
; db/add_sub_mkc.tdf               ; yes             ; Auto-Generated Megafunction            ; Z:/vhdl/db/add_sub_mkc.tdf                                              ;         ;
+----------------------------------+-----------------+----------------------------------------+-------------------------------------------------------------------------+---------+


+--------------------------------------------------------------------------------------------------------------------------------------------------------------------------+
; Analysis & Synthesis Resource Usage Summary                                                                                                                              ;
+---------------------------------------------+----------------------------------------------------------------------------------------------------------------------------+
; Resource                                    ; Usage                                                                                                                      ;
+---------------------------------------------+----------------------------------------------------------------------------------------------------------------------------+
; Estimated Total logic elements              ; 2,219                                                                                                                      ;
;                                             ;                                                                                                                            ;
; Total combinational functions               ; 2219                                                                                                                       ;
; Logic element usage by number of LUT inputs ;                                                                                                                            ;
;     -- 4 input functions                    ; 668                                                                                                                        ;
;     -- 3 input functions                    ; 667                                                                                                                        ;
;     -- <=2 input functions                  ; 884                                                                                                                        ;
;                                             ;                                                                                                                            ;
; Logic elements by mode                      ;                                                                                                                            ;
;     -- normal mode                          ; 1463                                                                                                                       ;
;     -- arithmetic mode                      ; 756                                                                                                                        ;
;                                             ;                                                                                                                            ;
; Total registers                             ; 63                                                                                                                         ;
;     -- Dedicated logic registers            ; 63                                                                                                                         ;
;     -- I/O registers                        ; 0                                                                                                                          ;
;                                             ;                                                                                                                            ;
; I/O pins                                    ; 37                                                                                                                         ;
; Total memory bits                           ; 160                                                                                                                        ;
; Embedded Multiplier 9-bit elements          ; 0                                                                                                                          ;
; Maximum fan-out node                        ; counterTime:timeT|lpm_divide:Mod0|lpm_divide_28m:auto_generated|sign_div_unsign_9nh:divider|alt_u_div_k5f:divider|op_21~60 ;
; Maximum fan-out                             ; 90                                                                                                                         ;
; Total fan-out                               ; 6675                                                                                                                       ;
; Average fan-out                             ; 2.86                                                                                                                       ;
+---------------------------------------------+----------------------------------------------------------------------------------------------------------------------------+


+-----------------------------------------------------------------------------------------------------------------------------------------------------------------------------------------------------------------------------------------------------------------------------------------------+
; Analysis & Synthesis Resource Utilization by Entity                                                                                                                                                                                                                                           ;
+-------------------------------------------+-------------------+--------------+-------------+--------------+---------+-----------+------+--------------+------------------------------------------------------------------------------------------------------------------------+--------------+
; Compilation Hierarchy Node                ; LC Combinationals ; LC Registers ; Memory Bits ; DSP Elements ; DSP 9x9 ; DSP 18x18 ; Pins ; Virtual Pins ; Full Hierarchy Name                                                                                                    ; Library Name ;
+-------------------------------------------+-------------------+--------------+-------------+--------------+---------+-----------+------+--------------+------------------------------------------------------------------------------------------------------------------------+--------------+
; |box                                      ; 2219 (1)          ; 63 (0)       ; 160         ; 0            ; 0       ; 0         ; 37   ; 0            ; |box                                                                                                                   ; work         ;
;    |cortana:mem|                          ; 0 (0)             ; 0 (0)        ; 160         ; 0            ; 0       ; 0         ; 0    ; 0            ; |box|cortana:mem                                                                                                       ; work         ;
;       |altsyncram:altsyncram_component|   ; 0 (0)             ; 0 (0)        ; 160         ; 0            ; 0       ; 0         ; 0    ; 0            ; |box|cortana:mem|altsyncram:altsyncram_component                                                                       ; work         ;
;          |altsyncram_50d1:auto_generated| ; 0 (0)             ; 0 (0)        ; 160         ; 0            ; 0       ; 0         ; 0    ; 0            ; |box|cortana:mem|altsyncram:altsyncram_component|altsyncram_50d1:auto_generated                                        ; work         ;
;    |counter4b:counts|                     ; 1564 (32)         ; 31 (31)      ; 0           ; 0            ; 0       ; 0         ; 0    ; 0            ; |box|counter4b:counts                                                                                                  ; work         ;
;       |lpm_divide:Mod0|                   ; 1532 (0)          ; 0 (0)        ; 0           ; 0            ; 0       ; 0         ; 0    ; 0            ; |box|counter4b:counts|lpm_divide:Mod0                                                                                  ; work         ;
;          |lpm_divide_28m:auto_generated|  ; 1532 (0)          ; 0 (0)        ; 0           ; 0            ; 0       ; 0         ; 0    ; 0            ; |box|counter4b:counts|lpm_divide:Mod0|lpm_divide_28m:auto_generated                                                    ; work         ;
;             |sign_div_unsign_9nh:divider| ; 1532 (0)          ; 0 (0)        ; 0           ; 0            ; 0       ; 0         ; 0    ; 0            ; |box|counter4b:counts|lpm_divide:Mod0|lpm_divide_28m:auto_generated|sign_div_unsign_9nh:divider                        ; work         ;
;                |alt_u_div_k5f:divider|    ; 1532 (1532)       ; 0 (0)        ; 0           ; 0            ; 0       ; 0         ; 0    ; 0            ; |box|counter4b:counts|lpm_divide:Mod0|lpm_divide_28m:auto_generated|sign_div_unsign_9nh:divider|alt_u_div_k5f:divider  ; work         ;
;    |counterTime:timeT|                    ; 626 (42)          ; 32 (32)      ; 0           ; 0            ; 0       ; 0         ; 0    ; 0            ; |box|counterTime:timeT                                                                                                 ; work         ;
;       |lpm_divide:Mod0|                   ; 584 (0)           ; 0 (0)        ; 0           ; 0            ; 0       ; 0         ; 0    ; 0            ; |box|counterTime:timeT|lpm_divide:Mod0                                                                                 ; work         ;
;          |lpm_divide_28m:auto_generated|  ; 584 (0)           ; 0 (0)        ; 0           ; 0            ; 0       ; 0         ; 0    ; 0            ; |box|counterTime:timeT|lpm_divide:Mod0|lpm_divide_28m:auto_generated                                                   ; work         ;
;             |sign_div_unsign_9nh:divider| ; 584 (0)           ; 0 (0)        ; 0           ; 0            ; 0       ; 0         ; 0    ; 0            ; |box|counterTime:timeT|lpm_divide:Mod0|lpm_divide_28m:auto_generated|sign_div_unsign_9nh:divider                       ; work         ;
;                |alt_u_div_k5f:divider|    ; 584 (584)         ; 0 (0)        ; 0           ; 0            ; 0       ; 0         ; 0    ; 0            ; |box|counterTime:timeT|lpm_divide:Mod0|lpm_divide_28m:auto_generated|sign_div_unsign_9nh:divider|alt_u_div_k5f:divider ; work         ;
;    |seg:dec0|                             ; 7 (7)             ; 0 (0)        ; 0           ; 0            ; 0       ; 0         ; 0    ; 0            ; |box|seg:dec0                                                                                                          ; work         ;
;    |seg:dec1|                             ; 7 (7)             ; 0 (0)        ; 0           ; 0            ; 0       ; 0         ; 0    ; 0            ; |box|seg:dec1                                                                                                          ; work         ;
;    |seg:dec2|                             ; 7 (7)             ; 0 (0)        ; 0           ; 0            ; 0       ; 0         ; 0    ; 0            ; |box|seg:dec2                                                                                                          ; work         ;
;    |seg:dec3|                             ; 7 (7)             ; 0 (0)        ; 0           ; 0            ; 0       ; 0         ; 0    ; 0            ; |box|seg:dec3                                                                                                          ; work         ;
+-------------------------------------------+-------------------+--------------+-------------+--------------+---------+-----------+------+--------------+------------------------------------------------------------------------------------------------------------------------+--------------+
Note: For table entries with two numbers listed, the numbers in parentheses indicate the number of resources of the given type used by the specific entity alone. The numbers listed outside of parentheses indicate the total resources of the given type used by the specific entity and all of its sub-entities in the hierarchy.


+---------------------------------------------------------------------------------------------------------------------------------------------------------------------------------------------+
; Analysis & Synthesis RAM Summary                                                                                                                                                            ;
+---------------------------------------------------------------------------------------+------+-------------+--------------+--------------+--------------+--------------+------+-------------+
; Name                                                                                  ; Type ; Mode        ; Port A Depth ; Port A Width ; Port B Depth ; Port B Width ; Size ; MIF         ;
+---------------------------------------------------------------------------------------+------+-------------+--------------+--------------+--------------+--------------+------+-------------+
; cortana:mem|altsyncram:altsyncram_component|altsyncram_50d1:auto_generated|ALTSYNCRAM ; AUTO ; Single Port ; 10           ; 16           ; --           ; --           ; 160  ; cortana.mif ;
+---------------------------------------------------------------------------------------+------+-------------+--------------+--------------+--------------+--------------+------+-------------+


+--------------------------------------------------------------------------------------------------------+
; Analysis & Synthesis IP Cores Summary                                                                  ;
+--------+--------------+---------+--------------+--------------+------------------+---------------------+
; Vendor ; IP Core Name ; Version ; Release Date ; License Type ; Entity Instance  ; IP Include File     ;
+--------+--------------+---------+--------------+--------------+------------------+---------------------+
; Altera ; RAM: 1-PORT  ; N/A     ; N/A          ; N/A          ; |box|cortana:mem ; Z:/vhdl/cortana.vhd ;
+--------+--------------+---------+--------------+--------------+------------------+---------------------+


+------------------------------------------------------+
; General Register Statistics                          ;
+----------------------------------------------+-------+
; Statistic                                    ; Value ;
+----------------------------------------------+-------+
; Total registers                              ; 63    ;
; Number of registers using Synchronous Clear  ; 0     ;
; Number of registers using Synchronous Load   ; 0     ;
; Number of registers using Asynchronous Clear ; 62    ;
; Number of registers using Asynchronous Load  ; 0     ;
; Number of registers using Clock Enable       ; 1     ;
; Number of registers using Preset             ; 0     ;
+----------------------------------------------+-------+


+---------------------------------------------------------------------------------------------------+
; Source assignments for cortana:mem|altsyncram:altsyncram_component|altsyncram_50d1:auto_generated ;
+---------------------------------+--------------------+------+-------------------------------------+
; Assignment                      ; Value              ; From ; To                                  ;
+---------------------------------+--------------------+------+-------------------------------------+
; OPTIMIZE_POWER_DURING_SYNTHESIS ; NORMAL_COMPILATION ; -    ; -                                   ;
+---------------------------------+--------------------+------+-------------------------------------+


+------------------------------------------------------------------------------------------+
; Parameter Settings for User Entity Instance: cortana:mem|altsyncram:altsyncram_component ;
+------------------------------------+----------------------+------------------------------+
; Parameter Name                     ; Value                ; Type                         ;
+------------------------------------+----------------------+------------------------------+
; BYTE_SIZE_BLOCK                    ; 8                    ; Untyped                      ;
; AUTO_CARRY_CHAINS                  ; ON                   ; AUTO_CARRY                   ;
; IGNORE_CARRY_BUFFERS               ; OFF                  ; IGNORE_CARRY                 ;
; AUTO_CASCADE_CHAINS                ; ON                   ; AUTO_CASCADE                 ;
; IGNORE_CASCADE_BUFFERS             ; OFF                  ; IGNORE_CASCADE               ;
; WIDTH_BYTEENA                      ; 1                    ; Untyped                      ;
; OPERATION_MODE                     ; SINGLE_PORT          ; Untyped                      ;
; WIDTH_A                            ; 16                   ; Signed Integer               ;
; WIDTHAD_A                          ; 4                    ; Signed Integer               ;
; NUMWORDS_A                         ; 10                   ; Signed Integer               ;
; OUTDATA_REG_A                      ; UNREGISTERED         ; Untyped                      ;
; ADDRESS_ACLR_A                     ; NONE                 ; Untyped                      ;
; OUTDATA_ACLR_A                     ; NONE                 ; Untyped                      ;
; WRCONTROL_ACLR_A                   ; NONE                 ; Untyped                      ;
; INDATA_ACLR_A                      ; NONE                 ; Untyped                      ;
; BYTEENA_ACLR_A                     ; NONE                 ; Untyped                      ;
; WIDTH_B                            ; 1                    ; Untyped                      ;
; WIDTHAD_B                          ; 1                    ; Untyped                      ;
; NUMWORDS_B                         ; 1                    ; Untyped                      ;
; INDATA_REG_B                       ; CLOCK1               ; Untyped                      ;
; WRCONTROL_WRADDRESS_REG_B          ; CLOCK1               ; Untyped                      ;
; RDCONTROL_REG_B                    ; CLOCK1               ; Untyped                      ;
; ADDRESS_REG_B                      ; CLOCK1               ; Untyped                      ;
; OUTDATA_REG_B                      ; UNREGISTERED         ; Untyped                      ;
; BYTEENA_REG_B                      ; CLOCK1               ; Untyped                      ;
; INDATA_ACLR_B                      ; NONE                 ; Untyped                      ;
; WRCONTROL_ACLR_B                   ; NONE                 ; Untyped                      ;
; ADDRESS_ACLR_B                     ; NONE                 ; Untyped                      ;
; OUTDATA_ACLR_B                     ; NONE                 ; Untyped                      ;
; RDCONTROL_ACLR_B                   ; NONE                 ; Untyped                      ;
; BYTEENA_ACLR_B                     ; NONE                 ; Untyped                      ;
; WIDTH_BYTEENA_A                    ; 1                    ; Signed Integer               ;
; WIDTH_BYTEENA_B                    ; 1                    ; Untyped                      ;
; RAM_BLOCK_TYPE                     ; AUTO                 ; Untyped                      ;
; BYTE_SIZE                          ; 8                    ; Untyped                      ;
; READ_DURING_WRITE_MODE_MIXED_PORTS ; DONT_CARE            ; Untyped                      ;
; READ_DURING_WRITE_MODE_PORT_A      ; NEW_DATA_NO_NBE_READ ; Untyped                      ;
; READ_DURING_WRITE_MODE_PORT_B      ; NEW_DATA_NO_NBE_READ ; Untyped                      ;
; INIT_FILE                          ; cortana.mif          ; Untyped                      ;
; INIT_FILE_LAYOUT                   ; PORT_A               ; Untyped                      ;
; MAXIMUM_DEPTH                      ; 0                    ; Untyped                      ;
; CLOCK_ENABLE_INPUT_A               ; BYPASS               ; Untyped                      ;
; CLOCK_ENABLE_INPUT_B               ; NORMAL               ; Untyped                      ;
; CLOCK_ENABLE_OUTPUT_A              ; BYPASS               ; Untyped                      ;
; CLOCK_ENABLE_OUTPUT_B              ; NORMAL               ; Untyped                      ;
; CLOCK_ENABLE_CORE_A                ; USE_INPUT_CLKEN      ; Untyped                      ;
; CLOCK_ENABLE_CORE_B                ; USE_INPUT_CLKEN      ; Untyped                      ;
; ENABLE_ECC                         ; FALSE                ; Untyped                      ;
; ECC_PIPELINE_STAGE_ENABLED         ; FALSE                ; Untyped                      ;
; WIDTH_ECCSTATUS                    ; 3                    ; Untyped                      ;
; DEVICE_FAMILY                      ; Cyclone II           ; Untyped                      ;
; CBXI_PARAMETER                     ; altsyncram_50d1      ; Untyped                      ;
+------------------------------------+----------------------+------------------------------+
Note: In order to hide this table in the UI and the text report file, please set the "Show Parameter Settings in Synthesis Report" option in "Analysis and Synthesis Settings -> More Settings" to "Off".


+------------------------------------------------------------------------------------+
; Parameter Settings for Inferred Entity Instance: counterTime:timeT|lpm_divide:Mod0 ;
+------------------------+----------------+------------------------------------------+
; Parameter Name         ; Value          ; Type                                     ;
+------------------------+----------------+------------------------------------------+
; LPM_WIDTHN             ; 32             ; Untyped                                  ;
; LPM_WIDTHD             ; 32             ; Untyped                                  ;
; LPM_NREPRESENTATION    ; UNSIGNED       ; Untyped                                  ;
; LPM_DREPRESENTATION    ; UNSIGNED       ; Untyped                                  ;
; LPM_PIPELINE           ; 0              ; Untyped                                  ;
; LPM_REMAINDERPOSITIVE  ; TRUE           ; Untyped                                  ;
; MAXIMIZE_SPEED         ; 5              ; Untyped                                  ;
; CBXI_PARAMETER         ; lpm_divide_28m ; Untyped                                  ;
; CARRY_CHAIN            ; MANUAL         ; Untyped                                  ;
; OPTIMIZE_FOR_SPEED     ; 5              ; Untyped                                  ;
; AUTO_CARRY_CHAINS      ; ON             ; AUTO_CARRY                               ;
; IGNORE_CARRY_BUFFERS   ; OFF            ; IGNORE_CARRY                             ;
; AUTO_CASCADE_CHAINS    ; ON             ; AUTO_CASCADE                             ;
; IGNORE_CASCADE_BUFFERS ; OFF            ; IGNORE_CASCADE                           ;
+------------------------+----------------+------------------------------------------+
Note: In order to hide this table in the UI and the text report file, please set the "Show Parameter Settings in Synthesis Report" option in "Analysis and Synthesis Settings -> More Settings" to "Off".


+-----------------------------------------------------------------------------------+
; Parameter Settings for Inferred Entity Instance: counter4b:counts|lpm_divide:Mod0 ;
+------------------------+----------------+-----------------------------------------+
; Parameter Name         ; Value          ; Type                                    ;
+------------------------+----------------+-----------------------------------------+
; LPM_WIDTHN             ; 32             ; Untyped                                 ;
; LPM_WIDTHD             ; 32             ; Untyped                                 ;
; LPM_NREPRESENTATION    ; UNSIGNED       ; Untyped                                 ;
; LPM_DREPRESENTATION    ; UNSIGNED       ; Untyped                                 ;
; LPM_PIPELINE           ; 0              ; Untyped                                 ;
; LPM_REMAINDERPOSITIVE  ; TRUE           ; Untyped                                 ;
; MAXIMIZE_SPEED         ; 5              ; Untyped                                 ;
; CBXI_PARAMETER         ; lpm_divide_28m ; Untyped                                 ;
; CARRY_CHAIN            ; MANUAL         ; Untyped                                 ;
; OPTIMIZE_FOR_SPEED     ; 5              ; Untyped                                 ;
; AUTO_CARRY_CHAINS      ; ON             ; AUTO_CARRY                              ;
; IGNORE_CARRY_BUFFERS   ; OFF            ; IGNORE_CARRY                            ;
; AUTO_CASCADE_CHAINS    ; ON             ; AUTO_CASCADE                            ;
; IGNORE_CASCADE_BUFFERS ; OFF            ; IGNORE_CASCADE                          ;
+------------------------+----------------+-----------------------------------------+
Note: In order to hide this table in the UI and the text report file, please set the "Show Parameter Settings in Synthesis Report" option in "Analysis and Synthesis Settings -> More Settings" to "Off".


+-----------------------------------------------------------------------------------------+
; altsyncram Parameter Settings by Entity Instance                                        ;
+-------------------------------------------+---------------------------------------------+
; Name                                      ; Value                                       ;
+-------------------------------------------+---------------------------------------------+
; Number of entity instances                ; 1                                           ;
; Entity Instance                           ; cortana:mem|altsyncram:altsyncram_component ;
;     -- OPERATION_MODE                     ; SINGLE_PORT                                 ;
;     -- WIDTH_A                            ; 16                                          ;
;     -- NUMWORDS_A                         ; 10                                          ;
;     -- OUTDATA_REG_A                      ; UNREGISTERED                                ;
;     -- WIDTH_B                            ; 1                                           ;
;     -- NUMWORDS_B                         ; 1                                           ;
;     -- ADDRESS_REG_B                      ; CLOCK1                                      ;
;     -- OUTDATA_REG_B                      ; UNREGISTERED                                ;
;     -- RAM_BLOCK_TYPE                     ; AUTO                                        ;
;     -- READ_DURING_WRITE_MODE_MIXED_PORTS ; DONT_CARE                                   ;
+-------------------------------------------+---------------------------------------------+


+-----------------------------------------+
; Port Connectivity Checks: "seg:dec3"    ;
+-------+-------+----------+--------------+
; Port  ; Type  ; Severity ; Details      ;
+-------+-------+----------+--------------+
; reset ; Input ; Info     ; Stuck at GND ;
+-------+-------+----------+--------------+


+-----------------------------------------+
; Port Connectivity Checks: "seg:dec2"    ;
+-------+-------+----------+--------------+
; Port  ; Type  ; Severity ; Details      ;
+-------+-------+----------+--------------+
; reset ; Input ; Info     ; Stuck at GND ;
+-------+-------+----------+--------------+


+-----------------------------------------+
; Port Connectivity Checks: "seg:dec1"    ;
+-------+-------+----------+--------------+
; Port  ; Type  ; Severity ; Details      ;
+-------+-------+----------+--------------+
; reset ; Input ; Info     ; Stuck at GND ;
+-------+-------+----------+--------------+


+-----------------------------------------+
; Port Connectivity Checks: "seg:dec0"    ;
+-------+-------+----------+--------------+
; Port  ; Type  ; Severity ; Details      ;
+-------+-------+----------+--------------+
; reset ; Input ; Info     ; Stuck at GND ;
+-------+-------+----------+--------------+


+-----------------------------------------+
; Port Connectivity Checks: "cortana:mem" ;
+------+-------+----------+---------------+
; Port ; Type  ; Severity ; Details       ;
+------+-------+----------+---------------+
; data ; Input ; Info     ; Stuck at GND  ;
; wren ; Input ; Info     ; Stuck at GND  ;
+------+-------+----------+---------------+


+-------------------------------+
; Elapsed Time Per Partition    ;
+----------------+--------------+
; Partition Name ; Elapsed Time ;
+----------------+--------------+
; Top            ; 00:00:03     ;
+----------------+--------------+


+-------------------------------+
; Analysis & Synthesis Messages ;
+-------------------------------+
Info: *******************************************************************
Info: Running Quartus II 64-Bit Analysis & Synthesis
    Info: Version 13.0.1 Build 232 06/12/2013 Service Pack 1 SJ Web Edition
    Info: Processing started: Thu Oct 27 17:19:22 2016
Info: Command: quartus_map --read_settings_files=on --write_settings_files=off instantiation -c instantiation
Warning (20028): Parallel compilation is not licensed and has been disabled
Info (12021): Found 2 design units, including 1 entities, in source file box.vhd
    Info (12022): Found design unit 1: box-decoder
    Info (12023): Found entity 1: box
Info (12021): Found 2 design units, including 1 entities, in source file counter4b.vhd
    Info (12022): Found design unit 1: counter4b-counter
    Info (12023): Found entity 1: counter4b
Info (12021): Found 2 design units, including 1 entities, in source file countertime.vhd
    Info (12022): Found design unit 1: counterTime-counter
    Info (12023): Found entity 1: counterTime
Info (12127): Elaborating entity "box" for the top level hierarchy
Warning (10541): VHDL Signal Declaration warning at box.vhd(8): used implicit default value for signal "hexAdress" because signal was never assigned a value or an explicit default value. Use of implicit default value may introduce unintended design optimizations.
Info (12128): Elaborating entity "counterTime" for hierarchy "counterTime:timeT"
Info (12128): Elaborating entity "counter4b" for hierarchy "counter4b:counts"
Warning (12125): Using design file cortana.vhd, which is not specified as a design file for the current project, but contains definitions for 2 design units and 1 entities in project
    Info (12022): Found design unit 1: cortana-SYN
    Info (12023): Found entity 1: cortana
Info (12128): Elaborating entity "cortana" for hierarchy "cortana:mem"
Info (12128): Elaborating entity "altsyncram" for hierarchy "cortana:mem|altsyncram:altsyncram_component"
Info (12130): Elaborated megafunction instantiation "cortana:mem|altsyncram:altsyncram_component"
Info (12133): Instantiated megafunction "cortana:mem|altsyncram:altsyncram_component" with the following parameter:
    Info (12134): Parameter "clock_enable_input_a" = "BYPASS"
    Info (12134): Parameter "clock_enable_output_a" = "BYPASS"
    Info (12134): Parameter "init_file" = "cortana.mif"
    Info (12134): Parameter "intended_device_family" = "Cyclone II"
    Info (12134): Parameter "lpm_hint" = "ENABLE_RUNTIME_MOD=NO"
    Info (12134): Parameter "lpm_type" = "altsyncram"
    Info (12134): Parameter "numwords_a" = "10"
    Info (12134): Parameter "operation_mode" = "SINGLE_PORT"
    Info (12134): Parameter "outdata_aclr_a" = "NONE"
    Info (12134): Parameter "outdata_reg_a" = "UNREGISTERED"
    Info (12134): Parameter "power_up_uninitialized" = "FALSE"
    Info (12134): Parameter "widthad_a" = "4"
    Info (12134): Parameter "width_a" = "16"
    Info (12134): Parameter "width_byteena_a" = "1"
Info (12021): Found 1 design units, including 1 entities, in source file db/altsyncram_50d1.tdf
    Info (12023): Found entity 1: altsyncram_50d1
Info (12128): Elaborating entity "altsyncram_50d1" for hierarchy "cortana:mem|altsyncram:altsyncram_component|altsyncram_50d1:auto_generated"
Warning (12125): Using design file seg.vhd, which is not specified as a design file for the current project, but contains definitions for 2 design units and 1 entities in project
    Info (12022): Found design unit 1: seg-behavior
    Info (12023): Found entity 1: seg
Info (12128): Elaborating entity "seg" for hierarchy "seg:dec0"
Warning (10631): VHDL Process Statement warning at seg.vhd(14): inferring latch(es) for signal or variable "hex", which holds its previous value in one or more paths through the process
Info (10041): Inferred latch for "hex[0]" at seg.vhd(14)
Info (10041): Inferred latch for "hex[1]" at seg.vhd(14)
Info (10041): Inferred latch for "hex[2]" at seg.vhd(14)
Info (10041): Inferred latch for "hex[3]" at seg.vhd(14)
Info (10041): Inferred latch for "hex[4]" at seg.vhd(14)
Info (10041): Inferred latch for "hex[5]" at seg.vhd(14)
Info (10041): Inferred latch for "hex[6]" at seg.vhd(14)
Info (278001): Inferred 2 megafunctions from design logic
    Info (278004): Inferred divider/modulo megafunction ("lpm_divide") from the following logic: "counterTime:timeT|Mod0"
    Info (278004): Inferred divider/modulo megafunction ("lpm_divide") from the following logic: "counter4b:counts|Mod0"
Info (12130): Elaborated megafunction instantiation "counterTime:timeT|lpm_divide:Mod0"
Info (12133): Instantiated megafunction "counterTime:timeT|lpm_divide:Mod0" with the following parameter:
    Info (12134): Parameter "LPM_WIDTHN" = "32"
    Info (12134): Parameter "LPM_WIDTHD" = "32"
    Info (12134): Parameter "LPM_NREPRESENTATION" = "UNSIGNED"
    Info (12134): Parameter "LPM_DREPRESENTATION" = "UNSIGNED"
Info (12021): Found 1 design units, including 1 entities, in source file db/lpm_divide_28m.tdf
    Info (12023): Found entity 1: lpm_divide_28m
Info (12021): Found 1 design units, including 1 entities, in source file db/sign_div_unsign_9nh.tdf
    Info (12023): Found entity 1: sign_div_unsign_9nh
Info (12021): Found 1 design units, including 1 entities, in source file db/alt_u_div_k5f.tdf
    Info (12023): Found entity 1: alt_u_div_k5f
Info (12021): Found 1 design units, including 1 entities, in source file db/add_sub_lkc.tdf
    Info (12023): Found entity 1: add_sub_lkc
Info (12021): Found 1 design units, including 1 entities, in source file db/add_sub_mkc.tdf
    Info (12023): Found entity 1: add_sub_mkc
Info (12130): Elaborated megafunction instantiation "counter4b:counts|lpm_divide:Mod0"
Info (12133): Instantiated megafunction "counter4b:counts|lpm_divide:Mod0" with the following parameter:
    Info (12134): Parameter "LPM_WIDTHN" = "32"
    Info (12134): Parameter "LPM_WIDTHD" = "32"
    Info (12134): Parameter "LPM_NREPRESENTATION" = "UNSIGNED"
    Info (12134): Parameter "LPM_DREPRESENTATION" = "UNSIGNED"
Warning (13024): Output pins are stuck at VCC or GND
    Warning (13410): Pin "hexAdress[0]" is stuck at GND
    Warning (13410): Pin "hexAdress[1]" is stuck at GND
    Warning (13410): Pin "hexAdress[2]" is stuck at GND
    Warning (13410): Pin "hexAdress[3]" is stuck at GND
    Warning (13410): Pin "hexAdress[4]" is stuck at GND
    Warning (13410): Pin "hexAdress[5]" is stuck at GND
    Warning (13410): Pin "hexAdress[6]" is stuck at GND
Info (16010): Generating hard_block partition "hard_block:auto_generated_inst"
    Info (16011): Adding 0 node(s), including 0 DDIO, 0 PLL, 0 transceiver and 0 LCELL
Info (21057): Implemented 2301 device resources after synthesis - the final resource count might be different
    Info (21058): Implemented 2 input pins
    Info (21059): Implemented 35 output pins
    Info (21061): Implemented 2248 logic cells
    Info (21064): Implemented 16 RAM segments
Info: Quartus II 64-Bit Analysis & Synthesis was successful. 0 errors, 13 warnings
    Info: Peak virtual memory: 530 megabytes
    Info: Processing ended: Thu Oct 27 17:19:30 2016
    Info: Elapsed time: 00:00:08
    Info: Total CPU time (on all processors): 00:00:06


